-------------------------------------------------------------------------------
Test set: com.test.BasicApplicationTests
-------------------------------------------------------------------------------
Tests run: 1, Failures: 0, Errors: 1, Skipped: 0, Time elapsed: 0.687 s <<< FAILURE! - in com.test.BasicApplicationTests
com.test.BasicApplicationTests  Time elapsed: 0.672 s  <<< ERROR!
java.lang.IllegalStateException: Unable to find a @SpringBootConfiguration, you need to use @ContextConfiguration or @SpringBootTest(classes=...) with your test

